<?xml version="1.0" encoding="UTF-8"?>
<testng-results skipped="0" failed="0" ignored="0" total="1" passed="1">
  <reporter-output>
    <line>
      <![CDATA[Ebay Search Test is Successful..]]>
    </line>
  </reporter-output>
  <suite name="Suite" duration-ms="37412" started-at="2021-12-10T07:53:12 IST" finished-at="2021-12-10T07:53:50 IST">
    <groups>
    </groups>
    <test name="Test" duration-ms="37412" started-at="2021-12-10T07:53:12 IST" finished-at="2021-12-10T07:53:50 IST">
      <class name="myDemos.MyTest">
        <test-method status="PASS" signature="Search()[pri:0, instance:myDemos.MyTest@4d95d2a2]" name="Search" duration-ms="37042" started-at="2021-12-10T07:53:13 IST" finished-at="2021-12-10T07:53:50 IST">
          <reporter-output>
            <line>
              <![CDATA[Ebay Search Test is Successful..]]>
            </line>
          </reporter-output>
        </test-method> <!-- Search -->
      </class> <!-- myDemos.MyTest -->
    </test> <!-- Test -->
  </suite> <!-- Suite -->
</testng-results>
