<?xml version="1.0" encoding="UTF-8"?>
<testng-results ignored="0" total="1" passed="1" failed="0" skipped="0">
  <reporter-output>
    <line>
      <![CDATA[Ebay Search Test is Successful..]]>
    </line>
  </reporter-output>
  <suite started-at="2021-12-06T17:10:35 IST" name="Default suite" finished-at="2021-12-06T17:10:55 IST" duration-ms="20105">
    <groups>
    </groups>
    <test started-at="2021-12-06T17:10:35 IST" name="Default test" finished-at="2021-12-06T17:10:55 IST" duration-ms="20105">
      <class name="myDemos.MyTest">
        <test-method signature="Search()[pri:0, instance:myDemos.MyTest@194bcebf]" started-at="2021-12-06T17:10:35 IST" name="Search" finished-at="2021-12-06T17:10:55 IST" duration-ms="20020" status="PASS">
          <reporter-output>
            <line>
              <![CDATA[Ebay Search Test is Successful..]]>
            </line>
          </reporter-output>
        </test-method> <!-- Search -->
      </class> <!-- myDemos.MyTest -->
    </test> <!-- Default test -->
  </suite> <!-- Default suite -->
</testng-results>
